<?xml version="1.0" encoding="UTF-8"?>
<testsuite name="com.lexisware.portafolio.PortafolioBackendApplicationTests" tests="1" skipped="0" failures="0" errors="0" timestamp="2026-02-01T01:22:43.795Z" hostname="DESKTOP-A8R958F" time="0.803">
  <properties/>
  <testcase name="contextLoads()" classname="com.lexisware.portafolio.PortafolioBackendApplicationTests" time="0.803"/>
  <system-out><![CDATA[20:22:13.161 [Test worker] INFO org.springframework.test.context.support.AnnotationConfigContextLoaderUtils -- Could not detect default configuration classes for test class [com.lexisware.portafolio.PortafolioBackendApplicationTests]: PortafolioBackendApplicationTests does not declare any static, non-private, non-final, nested classes annotated with @Configuration.
20:22:13.698 [Test worker] INFO org.springframework.boot.test.context.SpringBootTestContextBootstrapper -- Found @SpringBootConfiguration com.lexisware.portafolio.PortafolioBackendApplication for test class com.lexisware.portafolio.PortafolioBackendApplicationTests

  .   ____          _            __ _ _
 /\\ / ___'_ __ _ _(_)_ __  __ _ \ \ \ \
( ( )\___ | '_ | '_| | '_ \/ _` | \ \ \ \
 \\/  ___)| |_)| | | | | || (_| |  ) ) ) )
  '  |____| .__|_| |_|_| |_\__, | / / / /
 =========|_|==============|___/=/_/_/_/

 :: Spring Boot ::                (v4.0.1)

2026-01-31T20:22:15.334-05:00  INFO 32232 --- [portafolio-backend] [    Test worker] c.l.p.PortafolioBackendApplicationTests  : Starting PortafolioBackendApplicationTests using Java 21.0.9 with PID 32232 (started by kenny in C:\Users\kenny\OneDrive\Documents\SPRING-PROYECTO\proyecto)
2026-01-31T20:22:15.338-05:00 DEBUG 32232 --- [portafolio-backend] [    Test worker] c.l.p.PortafolioBackendApplicationTests  : Running with Spring Boot v4.0.1, Spring v7.0.2
2026-01-31T20:22:15.340-05:00  INFO 32232 --- [portafolio-backend] [    Test worker] c.l.p.PortafolioBackendApplicationTests  : No active profile set, falling back to 1 default profile: "default"
2026-01-31T20:22:18.978-05:00  INFO 32232 --- [portafolio-backend] [    Test worker] .s.d.r.c.RepositoryConfigurationDelegate : Bootstrapping Spring Data JPA repositories in DEFAULT mode.
2026-01-31T20:22:19.174-05:00  INFO 32232 --- [portafolio-backend] [    Test worker] .s.d.r.c.RepositoryConfigurationDelegate : Finished Spring Data repository scanning in 167 ms. Found 4 JPA repository interfaces.
2026-01-31T20:22:26.612-05:00  INFO 32232 --- [portafolio-backend] [    Test worker] org.hibernate.orm.jpa                    : HHH008540: Processing PersistenceUnitInfo [name: default]
2026-01-31T20:22:27.271-05:00  INFO 32232 --- [portafolio-backend] [    Test worker] org.hibernate.orm.core                   : HHH000001: Hibernate ORM core version 7.2.0.Final
2026-01-31T20:22:30.956-05:00  INFO 32232 --- [portafolio-backend] [    Test worker] o.s.o.j.p.SpringPersistenceUnitInfo      : No LoadTimeWeaver setup: ignoring JPA class transformer
2026-01-31T20:22:31.403-05:00  INFO 32232 --- [portafolio-backend] [    Test worker] com.zaxxer.hikari.HikariDataSource       : HikariPool-1 - Starting...
2026-01-31T20:22:32.705-05:00  INFO 32232 --- [portafolio-backend] [    Test worker] com.zaxxer.hikari.pool.HikariPool        : HikariPool-1 - Added connection org.postgresql.jdbc.PgConnection@6ca30886
2026-01-31T20:22:32.710-05:00  INFO 32232 --- [portafolio-backend] [    Test worker] com.zaxxer.hikari.HikariDataSource       : HikariPool-1 - Start completed.
2026-01-31T20:22:33.064-05:00  WARN 32232 --- [portafolio-backend] [    Test worker] org.hibernate.orm.deprecation            : HHH90000025: PostgreSQLDialect does not need to be specified explicitly using 'hibernate.dialect' (remove the property setting and it will be selected by default)
2026-01-31T20:22:33.390-05:00  INFO 32232 --- [portafolio-backend] [    Test worker] org.hibernate.orm.connections.pooling    : HHH10001005: Database info:
	Database JDBC URL [jdbc:postgresql://localhost:5432/portafolio_db]
	Database driver: PostgreSQL JDBC Driver
	Database dialect: PostgreSQLDialect
	Database version: 16.11
	Default catalog/schema: portafolio_db/public
	Autocommit mode: undefined/unknown
	Isolation level: READ_COMMITTED [default READ_COMMITTED]
	JDBC fetch size: none
	Pool: DataSourceConnectionProvider
	Minimum pool size: undefined/unknown
	Maximum pool size: undefined/unknown
2026-01-31T20:22:38.174-05:00  INFO 32232 --- [portafolio-backend] [    Test worker] org.hibernate.orm.core                   : HHH000489: No JTA platform available (set 'hibernate.transaction.jta.platform' to enable JTA platform integration)
2026-01-31T20:22:38.501-05:00  INFO 32232 --- [portafolio-backend] [    Test worker] j.LocalContainerEntityManagerFactoryBean : Initialized JPA EntityManagerFactory for persistence unit 'default'
2026-01-31T20:22:38.692-05:00  INFO 32232 --- [portafolio-backend] [    Test worker] o.s.d.j.r.query.QueryEnhancerFactories   : Hibernate is in classpath; If applicable, HQL parser will be used.
2026-01-31T20:22:40.626-05:00  WARN 32232 --- [portafolio-backend] [    Test worker] JpaBaseConfiguration$JpaWebConfiguration : spring.jpa.open-in-view is enabled by default. Therefore, database queries may be performed during view rendering. Explicitly configure spring.jpa.open-in-view to disable this warning
2026-01-31T20:22:41.125-05:00  WARN 32232 --- [portafolio-backend] [    Test worker] .s.a.UserDetailsServiceAutoConfiguration : 

Using generated security password: 8d18428a-908c-4bd7-97f0-366e35296eee

This generated password is for development use only. Your security configuration must be updated before running your application in production.

2026-01-31T20:22:41.151-05:00  INFO 32232 --- [portafolio-backend] [    Test worker] r$InitializeUserDetailsManagerConfigurer : Global AuthenticationManager configured with UserDetailsService bean with name inMemoryUserDetailsManager
2026-01-31T20:22:41.547-05:00 DEBUG 32232 --- [portafolio-backend] [    Test worker] o.s.s.web.DefaultSecurityFilterChain     : Will secure any request with filters: DisableEncodeUrlFilter, WebAsyncManagerIntegrationFilter, SecurityContextHolderFilter, HeaderWriterFilter, CorsFilter, LogoutFilter, JwtAuthenticationFilter, RequestCacheAwareFilter, SecurityContextHolderAwareRequestFilter, AnonymousAuthenticationFilter, SessionManagementFilter, ExceptionTranslationFilter, AuthorizationFilter
2026-01-31T20:22:43.334-05:00  INFO 32232 --- [portafolio-backend] [    Test worker] o.s.b.a.e.web.EndpointLinksResolver      : Exposing 3 endpoints beneath base path '/actuator'
2026-01-31T20:22:43.520-05:00  INFO 32232 --- [portafolio-backend] [    Test worker] c.l.p.PortafolioBackendApplicationTests  : Started PortafolioBackendApplicationTests in 29.218 seconds (process running for 35.565)
]]></system-out>
  <system-err><![CDATA[Mockito is currently self-attaching to enable the inline-mock-maker. This will no longer work in future releases of the JDK. Please add Mockito as an agent to your build as described in Mockito's documentation: https://javadoc.io/doc/org.mockito/mockito-core/latest/org.mockito/org/mockito/Mockito.html#0.3
WARNING: A Java agent has been loaded dynamically (C:\Users\kenny\.gradle\caches\modules-2\files-2.1\net.bytebuddy\byte-buddy-agent\1.17.8\f09415827a71be7ed621c7bd02550678f28bc81c\byte-buddy-agent-1.17.8.jar)
WARNING: If a serviceability tool is in use, please run with -XX:+EnableDynamicAgentLoading to hide this warning
WARNING: If a serviceability tool is not in use, please run with -Djdk.instrument.traceUsage for more information
WARNING: Dynamic loading of agents will be disallowed by default in a future release
]]></system-err>
</testsuite>
